<?xml version="1.0" encoding="UTF-8"?>
<!-- Generated by org.testng.reporters.JUnitReportReporter -->
<testsuite skipped="0" hostname="VAIO" name="autotestNG.DemoA" tests="1" failures="0" timestamp="08 Aug 2019 07:01:00 GMT" time="0.031" errors="0">
  <testcase name="testA" time="0.031" classname="autotestNG.DemoA"/>
</testsuite> <!-- autotestNG.DemoA -->
