<?xml version="1.0" encoding="UTF-8"?>
<!-- Generated by org.testng.reporters.JUnitReportReporter -->
<testsuite skipped="0" hostname="VAIO" name="autotestNG.DemoB" tests="2" failures="0" timestamp="08 Aug 2019 07:01:00 GMT" time="0.064" errors="0">
  <testcase name="TestB1" time="0.032" classname="autotestNG.DemoB"/>
  <testcase name="TestB2" time="0.032" classname="autotestNG.DemoB"/>
</testsuite> <!-- autotestNG.DemoB -->
