<?xml version="1.0" encoding="UTF-8"?>
<!-- Generated by org.testng.reporters.JUnitReportReporter -->
<testsuite hostname="VAIO" name="AutotestNG.TestExample" tests="2" failures="0" timestamp="6 Aug 2019 06:10:26 GMT" time="0.048" errors="0">
  <testcase name="testcase2" time="0.003" classname="AutotestNG.TestExample"/>
  <testcase name="testcase1" time="0.045" classname="AutotestNG.TestExample"/>
</testsuite> <!-- AutotestNG.TestExample -->
