<?xml version="1.0" encoding="UTF-8"?>
<!-- Generated by org.testng.reporters.JUnitReportReporter -->
<testsuite skipped="0" hostname="VAIO" name="autotestNG.HardAssert" tests="1" failures="0" timestamp="14 Aug 2019 06:52:50 GMT" time="28.495" errors="0">
  <testcase name="createuser" time="28.495" classname="autotestNG.HardAssert"/>
</testsuite> <!-- autotestNG.HardAssert -->
