<?xml version="1.0" encoding="UTF-8"?>
<!-- Generated by org.testng.reporters.JUnitReportReporter -->
<testsuite skipped="0" hostname="VAIO" name="autotestNG.TestClass" tests="3" failures="0" timestamp="07 Aug 2019 12:37:14 GMT" time="0.047" errors="0">
  <testcase name="deleteuser" time="0.015" classname="autotestNG.TestClass"/>
  <testcase name="createuser" time="0.016" classname="autotestNG.TestClass"/>
  <testcase name="edituser" time="0.016" classname="autotestNG.TestClass"/>
</testsuite> <!-- autotestNG.TestClass -->
