<?xml version="1.0" encoding="UTF-8"?>
<!-- Generated by org.testng.reporters.JUnitReportReporter -->
<testsuite skipped="0" hostname="VAIO" name="autotestNG.Testcase" tests="2" failures="0" timestamp="07 Aug 2019 11:27:57 GMT" time="0.056" errors="0">
  <testcase name="testcase2" time="0.014" classname="autotestNG.Testcase"/>
  <testcase name="testcase1" time="0.042" classname="autotestNG.Testcase"/>
</testsuite> <!-- autotestNG.Testcase -->
